0 info it worked if it ends with ok
1 verbose cli [ '/usr/bin/node', '/usr/bin/npm', 'install', '-g', 'n' ]
2 info using npm@3.5.2
3 info using node@v8.10.0
4 silly loadCurrentTree Starting
5 silly install loadCurrentTree
6 silly install readGlobalPackageData
7 silly fetchPackageMetaData n
8 silly fetchNamedPackageData n
9 silly mapToRegistry name n
10 silly mapToRegistry using default registry
11 silly mapToRegistry registry https://registry.npmjs.org/
12 silly mapToRegistry uri https://registry.npmjs.org/n
13 verbose request uri https://registry.npmjs.org/n
14 verbose request no auth needed
15 info attempt registry request try #1 at 7:51:41 AM
16 verbose request id b704c338a3e31169
17 http request GET https://registry.npmjs.org/n
18 http 200 https://registry.npmjs.org/n
19 verbose headers { date: 'Fri, 25 Feb 2022 07:51:41 GMT',
19 verbose headers   'content-type': 'application/json',
19 verbose headers   'transfer-encoding': 'chunked',
19 verbose headers   connection: 'keep-alive',
19 verbose headers   'cf-ray': '6e2f5992e9df6004-SEA',
19 verbose headers   age: '223',
19 verbose headers   'cache-control': 'public, max-age=300',
19 verbose headers   etag: 'W/"809c204224b54f5933485a65134dafb0"',
19 verbose headers   'last-modified': 'Sat, 08 Jan 2022 21:06:33 GMT',
19 verbose headers   vary: 'accept-encoding, accept',
19 verbose headers   'cf-cache-status': 'HIT',
19 verbose headers   'expect-ct': 'max-age=604800, report-uri="https://report-uri.cloudflare.com/cdn-cgi/beacon/expect-ct"',
19 verbose headers   'x-amz-replication-status': 'COMPLETED',
19 verbose headers   server: 'cloudflare',
19 verbose headers   'content-encoding': 'gzip' }
20 silly get cb [ 200,
20 silly get   { date: 'Fri, 25 Feb 2022 07:51:41 GMT',
20 silly get     'content-type': 'application/json',
20 silly get     'transfer-encoding': 'chunked',
20 silly get     connection: 'keep-alive',
20 silly get     'cf-ray': '6e2f5992e9df6004-SEA',
20 silly get     age: '223',
20 silly get     'cache-control': 'public, max-age=300',
20 silly get     etag: 'W/"809c204224b54f5933485a65134dafb0"',
20 silly get     'last-modified': 'Sat, 08 Jan 2022 21:06:33 GMT',
20 silly get     vary: 'accept-encoding, accept',
20 silly get     'cf-cache-status': 'HIT',
20 silly get     'expect-ct': 'max-age=604800, report-uri="https://report-uri.cloudflare.com/cdn-cgi/beacon/expect-ct"',
20 silly get     'x-amz-replication-status': 'COMPLETED',
20 silly get     server: 'cloudflare',
20 silly get     'content-encoding': 'gzip' } ]
21 verbose get saving n to /home/choijw0421/.npm/registry.npmjs.org/n/.cache.json
22 verbose makeDirectory /home/choijw0421/.npm creation not in flight; initializing
23 silly makeDirectory /home/choijw0421/.npm uid: 1002 gid: 1003
24 silly install normalizeTree
25 silly loadCurrentTree Finishing
26 silly loadIdealTree Starting
27 silly install loadIdealTree
28 silly cloneCurrentTree Starting
29 silly install cloneCurrentTreeToIdealTree
30 silly cloneCurrentTree Finishing
31 silly loadShrinkwrap Starting
32 silly install loadShrinkwrap
33 silly loadShrinkwrap Finishing
34 silly loadAllDepsIntoIdealTree Starting
35 silly install loadAllDepsIntoIdealTree
36 silly resolveWithNewModule n@8.0.2 checking installable status
37 silly cache add args [ 'n', null ]
38 verbose cache add spec n
39 silly cache add parsed spec Result {
39 silly cache add   raw: 'n',
39 silly cache add   scope: null,
39 silly cache add   name: 'n',
39 silly cache add   rawSpec: '',
39 silly cache add   spec: 'latest',
39 silly cache add   type: 'tag' }
40 silly addNamed n@latest
41 verbose addNamed "latest" is being treated as a dist-tag for n
42 info addNameTag [ 'n', 'latest' ]
43 silly mapToRegistry name n
44 silly mapToRegistry using default registry
45 silly mapToRegistry registry https://registry.npmjs.org/
46 silly mapToRegistry uri https://registry.npmjs.org/n
47 verbose addNameTag registry:https://registry.npmjs.org/n not in flight; fetching
48 verbose get https://registry.npmjs.org/n not expired, no request
49 silly addNameTag next cb for n with tag latest
50 silly addNamed n@8.0.2
51 verbose addNamed "8.0.2" is a plain semver version for n
52 silly mapToRegistry name n
53 silly mapToRegistry using default registry
54 silly mapToRegistry registry https://registry.npmjs.org/
55 silly mapToRegistry uri https://registry.npmjs.org/n
56 verbose addRemoteTarball https://registry.npmjs.org/n/-/n-8.0.2.tgz not in flight; adding
57 verbose addRemoteTarball [ 'https://registry.npmjs.org/n/-/n-8.0.2.tgz',
57 verbose addRemoteTarball   '8dec9c90245309e4d0b78d8c89b0ea5588e021c7' ]
58 info retry fetch attempt 1 at 7:51:41 AM
59 info attempt registry request try #1 at 7:51:41 AM
60 http fetch GET https://registry.npmjs.org/n/-/n-8.0.2.tgz
61 http fetch 200 https://registry.npmjs.org/n/-/n-8.0.2.tgz
62 silly fetchAndShaCheck shasum 8dec9c90245309e4d0b78d8c89b0ea5588e021c7
63 verbose addTmpTarball /tmp/npm-13962-a2dc4938/registry.npmjs.org/n/-/n-8.0.2.tgz not in flight; adding
64 verbose addTmpTarball already have metadata; skipping unpack for n@8.0.2
65 silly cache afterAdd n@8.0.2
66 verbose afterAdd /home/choijw0421/.npm/n/8.0.2/package/package.json not in flight; writing
67 verbose afterAdd /home/choijw0421/.npm/n/8.0.2/package/package.json written
68 silly loadAllDepsIntoIdealTree Finishing
69 silly idealTree:prePrune lib
69 silly idealTree:prePrune └── n@8.0.2
70 silly loadIdealTree Finishing
71 silly currentTree lib
71 silly currentTree └── n@8.0.2
72 silly idealTree lib
72 silly idealTree └── n@8.0.2
73 silly generateActionsToTake Starting
74 silly install generateActionsToTake
75 warn checkPermissions Missing write access to /usr/local/lib/node_modules/n
76 warn checkPermissions Missing write access to /usr/local/lib/node_modules
77 silly rollbackFailedOptional Starting
78 silly rollbackFailedOptional Finishing
79 silly runTopLevelLifecycles Starting
80 silly runTopLevelLifecycles Finishing
81 silly install printInstalled
82 verbose stack Error: EACCES: permission denied, access '/usr/local/lib/node_modules/n'
83 verbose cwd /home/choijw0421/carproject2
84 error Linux 5.4.0-1064-gcp
85 error argv "/usr/bin/node" "/usr/bin/npm" "install" "-g" "n"
86 error node v8.10.0
87 error npm  v3.5.2
88 error path /usr/local/lib/node_modules/n
89 error code EACCES
90 error errno -13
91 error syscall access
92 error Error: EACCES: permission denied, access '/usr/local/lib/node_modules/n'
92 error  { Error: EACCES: permission denied, access '/usr/local/lib/node_modules/n'
92 error   errno: -13,
92 error   code: 'EACCES',
92 error   syscall: 'access',
92 error   path: '/usr/local/lib/node_modules/n' }
93 error Please try running this command again as root/Administrator.
94 verbose exit [ -13, true ]
